<?xml version="1.0" encoding="UTF-8"?>
<testng-results ignored="0" total="1" passed="1" failed="0" skipped="0">
  <reporter-output>
  </reporter-output>
  <suite started-at="2023-05-04T14:55:32 IST" name="Default suite" finished-at="2023-05-04T14:55:32 IST" duration-ms="112">
    <groups>
    </groups>
    <test started-at="2023-05-04T14:55:32 IST" name="Default test" finished-at="2023-05-04T14:55:32 IST" duration-ms="112">
      <class name="pay.sample">
        <test-method signature="f()[pri:0, instance:pay.sample@2ed2d9cb]" started-at="2023-05-04T14:55:32 IST" name="f" finished-at="2023-05-04T14:55:32 IST" duration-ms="18" status="PASS">
          <reporter-output>
          </reporter-output>
        </test-method> <!-- f -->
      </class> <!-- pay.sample -->
    </test> <!-- Default test -->
  </suite> <!-- Default suite -->
</testng-results>
