<?xml version="1.0" encoding="UTF-8"?>
<testng-results ignored="0" total="1" passed="1" failed="0" skipped="0">
  <reporter-output>
  </reporter-output>
  <suite started-at="2023-05-04T06:51:21 IST" name="Default suite" finished-at="2023-05-04T06:51:33 IST" duration-ms="12324">
    <groups>
    </groups>
    <test started-at="2023-05-04T06:51:21 IST" name="Default test" finished-at="2023-05-04T06:51:33 IST" duration-ms="12324">
      <class name="May_04.Facebook">
        <test-method signature="FBTc()[pri:0, instance:May_04.Facebook@1de76cc7]" started-at="2023-05-04T06:51:21 IST" name="FBTc" finished-at="2023-05-04T06:51:33 IST" duration-ms="12209" status="PASS">
          <reporter-output>
          </reporter-output>
        </test-method> <!-- FBTc -->
      </class> <!-- May_04.Facebook -->
    </test> <!-- Default test -->
  </suite> <!-- Default suite -->
</testng-results>
